[debug] ----------------------------------------------------------------------
[debug] Command:      /usr/local/Cellar/node/7.2.1/bin/node /usr/local/bin/firebase deploy
[debug] CLI Version:  3.2.0
[debug] Platform:     darwin
[debug] Node Version: v7.2.1
[debug] Time:         Wed Dec 21 2016 11:40:31 GMT-0800 (PST)
[debug] ----------------------------------------------------------------------
[debug] 
[debug] > command requires scopes: ["email","openid","https://www.googleapis.com/auth/cloudplatformprojects.readonly","https://www.googleapis.com/auth/firebase"]
[debug] >>> HTTP REQUEST GET https://admin.firebase.com/v1/projects/mini-flashcards 
[debug] <<< HTTP RESPONSE 200
[debug] >>> HTTP REQUEST GET https://admin.firebase.com/v1/database/mini-flashcards/tokens 
[debug] <<< HTTP RESPONSE 500
[debug] <<< HTTP RESPONSE BODY
[error] 
[error] Error: HTTP Error: 500, An unknown error occurred. Please contact support.
[debug] Error Context: {
  "body": {
    "error": {
      "code": "UNKNOWN_ERROR",
      "message": "An unknown error occurred. Please contact support."
    }
  },
  "response": {
    "statusCode": 500,
    "body": {
      "error": {
        "code": "UNKNOWN_ERROR",
        "message": "An unknown error occurred. Please contact support."
      }
    },
    "headers": {
      "server": "nginx",
      "date": "Wed, 21 Dec 2016 19:40:17 GMT",
      "content-type": "application/json; charset=utf-8",
      "content-length": "97",
      "connection": "close",
      "x-content-type-options": "nosniff"
    },
    "request": {
      "uri": {
        "protocol": "https:",
        "slashes": true,
        "auth": null,
        "host": "admin.firebase.com",
        "port": 443,
        "hostname": "admin.firebase.com",
        "hash": null,
        "search": null,
        "query": null,
        "pathname": "/v1/database/mini-flashcards/tokens",
        "path": "/v1/database/mini-flashcards/tokens",
        "href": "https://admin.firebase.com/v1/database/mini-flashcards/tokens"
      },
      "method": "GET"
    }
  }
}
